# JRE version: Java(TM) SE Runtime Environment (8.0_192-b12) (build 1.8.0_192-b12)
# Java VM: Java HotSpot(TM) 64-Bit Server VM (25.192-b12 mixed mode linux-amd64 compressed oops)
Heap:
 PSYoungGen      total 122368K, used 12275K [0x00000000d7b80000, 0x00000000e0000000, 0x0000000100000000)
  eden space 110080K, 0% used [0x00000000d7b80000,0x00000000d7b80000,0x00000000de700000)
  from space 12288K, 99% used [0x00000000de700000,0x00000000df2fcfb0,0x00000000df300000)
  to   space 9216K, 0% used [0x00000000df300000,0x00000000df300000,0x00000000dfc00000)
 ParOldGen       total 47616K, used 15775K [0x0000000087200000, 0x000000008a080000, 0x00000000d7b80000)
  object space 47616K, 33% used [0x0000000087200000,0x0000000088167db8,0x000000008a080000)
 Metaspace       used 33813K, capacity 35306K, committed 35456K, reserved 1079296K
  class space    used 4558K, capacity 4894K, committed 4992K, reserved 1048576K
GC Heap History (10 events):
Event: 0.843 GC heap after
Heap after GC invocations=3 (full 0):
 PSYoungGen      total 36352K, used 5109K [0x00000000d7b80000, 0x00000000dc280000, 0x0000000100000000)
  eden space 31232K, 0% used [0x00000000d7b80000,0x00000000d7b80000,0x00000000d9a00000)
  from space 5120K, 99% used [0x00000000d9a00000,0x00000000d9efd768,0x00000000d9f00000)
  to   space 5120K, 0% used [0x00000000dbd80000,0x00000000dbd80000,0x00000000dc280000)
 ParOldGen       total 83456K, used 2584K [0x0000000087200000, 0x000000008c380000, 0x00000000d7b80000)
  object space 83456K, 3% used [0x0000000087200000,0x0000000087486338,0x000000008c380000)
 Metaspace       used 17281K, capacity 17794K, committed 17920K, reserved 1064960K
  class space    used 2353K, capacity 2522K, committed 2560K, reserved 1048576K
}
Event: 0.971 GC heap before
{Heap before GC invocations=4 (full 0):
 PSYoungGen      total 36352K, used 33158K [0x00000000d7b80000, 0x00000000dc280000, 0x0000000100000000)
  eden space 31232K, 89% used [0x00000000d7b80000,0x00000000d96e43b8,0x00000000d9a00000)
  from space 5120K, 99% used [0x00000000d9a00000,0x00000000d9efd768,0x00000000d9f00000)
  to   space 5120K, 0% used [0x00000000dbd80000,0x00000000dbd80000,0x00000000dc280000)
 ParOldGen       total 83456K, used 2584K [0x0000000087200000, 0x000000008c380000, 0x00000000d7b80000)
  object space 83456K, 3% used [0x0000000087200000,0x0000000087486338,0x000000008c380000)
 Metaspace       used 20699K, capacity 21234K, committed 21296K, reserved 1067008K
  class space    used 2746K, capacity 2920K, committed 2944K, reserved 1048576K
Event: 1.299 GC heap after
Heap after GC invocations=4 (full 0):
 PSYoungGen      total 67584K, used 5104K [0x00000000d7b80000, 0x00000000dc280000, 0x0000000100000000)
  eden space 62464K, 0% used [0x00000000d7b80000,0x00000000d7b80000,0x00000000db880000)
  from space 5120K, 99% used [0x00000000dbd80000,0x00000000dc27c010,0x00000000dc280000)
  to   space 5120K, 0% used [0x00000000db880000,0x00000000db880000,0x00000000dbd80000)
 ParOldGen       total 83456K, used 5311K [0x0000000087200000, 0x000000008c380000, 0x00000000d7b80000)
  object space 83456K, 6% used [0x0000000087200000,0x000000008772fd88,0x000000008c380000)
 Metaspace       used 20699K, capacity 21234K, committed 21296K, reserved 1067008K
  class space    used 2746K, capacity 2920K, committed 2944K, reserved 1048576K
}
Event: 1.299 GC heap before
{Heap before GC invocations=5 (full 1):
 PSYoungGen      total 67584K, used 5104K [0x00000000d7b80000, 0x00000000dc280000, 0x0000000100000000)
  eden space 62464K, 0% used [0x00000000d7b80000,0x00000000d7b80000,0x00000000db880000)
  from space 5120K, 99% used [0x00000000dbd80000,0x00000000dc27c010,0x00000000dc280000)
  to   space 5120K, 0% used [0x00000000db880000,0x00000000db880000,0x00000000dbd80000)
 ParOldGen       total 83456K, used 5311K [0x0000000087200000, 0x000000008c380000, 0x00000000d7b80000)
  object space 83456K, 6% used [0x0000000087200000,0x000000008772fd88,0x000000008c380000)
 Metaspace       used 20699K, capacity 21234K, committed 21296K, reserved 1067008K
  class space    used 2746K, capacity 2920K, committed 2944K, reserved 1048576K
Event: 1.350 GC heap after
Heap after GC invocations=5 (full 1):
 PSYoungGen      total 67584K, used 0K [0x00000000d7b80000, 0x00000000dc280000, 0x0000000100000000)
  eden space 62464K, 0% used [0x00000000d7b80000,0x00000000d7b80000,0x00000000db880000)
  from space 5120K, 0% used [0x00000000dbd80000,0x00000000dbd80000,0x00000000dc280000)
  to   space 5120K, 0% used [0x00000000db880000,0x00000000db880000,0x00000000dbd80000)
 ParOldGen       total 47616K, used 7636K [0x0000000087200000, 0x000000008a080000, 0x00000000d7b80000)
  object space 47616K, 16% used [0x0000000087200000,0x0000000087975340,0x000000008a080000)
 Metaspace       used 20697K, capacity 21228K, committed 21296K, reserved 1067008K
  class space    used 2746K, capacity 2919K, committed 2944K, reserved 1048576K
}
Event: 1.795 GC heap before
{Heap before GC invocations=6 (full 1):
 PSYoungGen      total 67584K, used 62464K [0x00000000d7b80000, 0x00000000dc280000, 0x0000000100000000)
  eden space 62464K, 100% used [0x00000000d7b80000,0x00000000db880000,0x00000000db880000)
  from space 5120K, 0% used [0x00000000dbd80000,0x00000000dbd80000,0x00000000dc280000)
  to   space 5120K, 0% used [0x00000000db880000,0x00000000db880000,0x00000000dbd80000)
 ParOldGen       total 47616K, used 7636K [0x0000000087200000, 0x000000008a080000, 0x00000000d7b80000)
  object space 47616K, 16% used [0x0000000087200000,0x0000000087975340,0x000000008a080000)
 Metaspace       used 24203K, capacity 25024K, committed 25344K, reserved 1071104K
  class space    used 3252K, capacity 3467K, committed 3584K, reserved 1048576K
Event: 1.802 GC heap after
Heap after GC invocations=6 (full 1):
 PSYoungGen      total 67584K, used 5096K [0x00000000d7b80000, 0x00000000dfc00000, 0x0000000100000000)
  eden space 62464K, 0% used [0x00000000d7b80000,0x00000000d7b80000,0x00000000db880000)
  from space 5120K, 99% used [0x00000000db880000,0x00000000dbd7a328,0x00000000dbd80000)
  to   space 9216K, 0% used [0x00000000df300000,0x00000000df300000,0x00000000dfc00000)
 ParOldGen       total 47616K, used 9423K [0x0000000087200000, 0x000000008a080000, 0x00000000d7b80000)
  object space 47616K, 19% used [0x0000000087200000,0x0000000087b33d58,0x000000008a080000)
 Metaspace       used 24203K, capacity 25024K, committed 25344K, reserved 1071104K
  class space    used 3252K, capacity 3467K, committed 3584K, reserved 1048576K
}
Event: 2.284 GC heap before
{Heap before GC invocations=7 (full 1):
 PSYoungGen      total 67584K, used 67560K [0x00000000d7b80000, 0x00000000dfc00000, 0x0000000100000000)
  eden space 62464K, 100% used [0x00000000d7b80000,0x00000000db880000,0x00000000db880000)
  from space 5120K, 99% used [0x00000000db880000,0x00000000dbd7a328,0x00000000dbd80000)
  to   space 9216K, 0% used [0x00000000df300000,0x00000000df300000,0x00000000dfc00000)
 ParOldGen       total 47616K, used 9423K [0x0000000087200000, 0x000000008a080000, 0x00000000d7b80000)
  object space 47616K, 19% used [0x0000000087200000,0x0000000087b33d58,0x000000008a080000)
 Metaspace       used 29176K, capacity 30468K, committed 30592K, reserved 1075200K
  class space    used 3921K, capacity 4179K, committed 4224K, reserved 1048576K
Event: 2.298 GC heap after
Heap after GC invocations=7 (full 1):
 PSYoungGen      total 119296K, used 9203K [0x00000000d7b80000, 0x00000000e0000000, 0x0000000100000000)
  eden space 110080K, 0% used [0x00000000d7b80000,0x00000000d7b80000,0x00000000de700000)
  from space 9216K, 99% used [0x00000000df300000,0x00000000dfbfcfb0,0x00000000dfc00000)
  to   space 12288K, 0% used [0x00000000de700000,0x00000000de700000,0x00000000df300000)
 ParOldGen       total 47616K, used 13346K [0x0000000087200000, 0x000000008a080000, 0x00000000d7b80000)
  object space 47616K, 28% used [0x0000000087200000,0x0000000087f08bc8,0x000000008a080000)
 Metaspace       used 29176K, capacity 30468K, committed 30592K, reserved 1075200K
  class space    used 3921K, capacity 4179K, committed 4224K, reserved 1048576K
}
Event: 2.756 GC heap before
{Heap before GC invocations=8 (full 1):
 PSYoungGen      total 119296K, used 74044K [0x00000000d7b80000, 0x00000000e0000000, 0x0000000100000000)
  eden space 110080K, 58% used [0x00000000d7b80000,0x00000000dbad2210,0x00000000de700000)
  from space 9216K, 99% used [0x00000000df300000,0x00000000dfbfcfb0,0x00000000dfc00000)
  to   space 12288K, 0% used [0x00000000de700000,0x00000000de700000,0x00000000df300000)
 ParOldGen       total 47616K, used 13346K [0x0000000087200000, 0x000000008a080000, 0x00000000d7b80000)
  object space 47616K, 28% used [0x0000000087200000,0x0000000087f08bc8,0x000000008a080000)
 Metaspace       used 33813K, capacity 35306K, committed 35456K, reserved 1079296K
  class space    used 4558K, capacity 4894K, committed 4992K, reserved 1048576K

