# JRE version: Java(TM) SE Runtime Environment (8.0_192-b12) (build 1.8.0_192-b12)
# Java VM: Java HotSpot(TM) 64-Bit Server VM (25.192-b12 mixed mode linux-amd64 compressed oops)
Heap:
 PSYoungGen      total 277504K, used 14836K [0x00000000d7b80000, 0x00000000e9c80000, 0x0000000100000000)
  eden space 262656K, 0% used [0x00000000d7b80000,0x00000000d7b80000,0x00000000e7c00000)
  from space 14848K, 99% used [0x00000000e7f80000,0x00000000e8dfd330,0x00000000e8e00000)
  to   space 13312K, 0% used [0x00000000e8f80000,0x00000000e8f80000,0x00000000e9c80000)
 ParOldGen       total 103424K, used 15570K [0x0000000087200000, 0x000000008d700000, 0x00000000d7b80000)
  object space 103424K, 15% used [0x0000000087200000,0x0000000088134a68,0x000000008d700000)
 Metaspace       used 80580K, capacity 88888K, committed 88960K, reserved 1126400K
  class space    used 11282K, capacity 12098K, committed 12160K, reserved 1048576K
GC Heap History (10 events):
Event: 5.519 GC heap after
Heap after GC invocations=11 (full 2):
 PSYoungGen      total 175616K, used 7656K [0x00000000d7b80000, 0x00000000e5980000, 0x0000000100000000)
  eden space 167936K, 0% used [0x00000000d7b80000,0x00000000d7b80000,0x00000000e1f80000)
  from space 7680K, 99% used [0x00000000e1f80000,0x00000000e26fa2a8,0x00000000e2700000)
  to   space 10240K, 0% used [0x00000000e4f80000,0x00000000e4f80000,0x00000000e5980000)
 ParOldGen       total 75264K, used 11405K [0x0000000087200000, 0x000000008bb80000, 0x00000000d7b80000)
  object space 75264K, 15% used [0x0000000087200000,0x0000000087d235a0,0x000000008bb80000)
 Metaspace       used 44350K, capacity 47148K, committed 47232K, reserved 1089536K
  class space    used 6184K, capacity 6459K, committed 6528K, reserved 1048576K
}
Event: 6.297 GC heap before
{Heap before GC invocations=12 (full 2):
 PSYoungGen      total 175616K, used 175592K [0x00000000d7b80000, 0x00000000e5980000, 0x0000000100000000)
  eden space 167936K, 100% used [0x00000000d7b80000,0x00000000e1f80000,0x00000000e1f80000)
  from space 7680K, 99% used [0x00000000e1f80000,0x00000000e26fa2a8,0x00000000e2700000)
  to   space 10240K, 0% used [0x00000000e4f80000,0x00000000e4f80000,0x00000000e5980000)
 ParOldGen       total 75264K, used 11405K [0x0000000087200000, 0x000000008bb80000, 0x00000000d7b80000)
  object space 75264K, 15% used [0x0000000087200000,0x0000000087d235a0,0x000000008bb80000)
 Metaspace       used 54784K, capacity 57946K, committed 58240K, reserved 1099776K
  class space    used 7414K, capacity 7722K, committed 7808K, reserved 1048576K
Event: 6.307 GC heap after
Heap after GC invocations=12 (full 2):
 PSYoungGen      total 214528K, used 10233K [0x00000000d7b80000, 0x00000000e5c00000, 0x0000000100000000)
  eden space 204288K, 0% used [0x00000000d7b80000,0x00000000d7b80000,0x00000000e4300000)
  from space 10240K, 99% used [0x00000000e4f80000,0x00000000e597e5a0,0x00000000e5980000)
  to   space 12800K, 0% used [0x00000000e4300000,0x00000000e4300000,0x00000000e4f80000)
 ParOldGen       total 75264K, used 15507K [0x0000000087200000, 0x000000008bb80000, 0x00000000d7b80000)
  object space 75264K, 20% used [0x0000000087200000,0x0000000088124d50,0x000000008bb80000)
 Metaspace       used 54784K, capacity 57946K, committed 58240K, reserved 1099776K
  class space    used 7414K, capacity 7722K, committed 7808K, reserved 1048576K
}
Event: 6.352 GC heap before
{Heap before GC invocations=13 (full 2):
 PSYoungGen      total 214528K, used 19816K [0x00000000d7b80000, 0x00000000e5c00000, 0x0000000100000000)
  eden space 204288K, 4% used [0x00000000d7b80000,0x00000000d84dbb08,0x00000000e4300000)
  from space 10240K, 99% used [0x00000000e4f80000,0x00000000e597e5a0,0x00000000e5980000)
  to   space 12800K, 0% used [0x00000000e4300000,0x00000000e4300000,0x00000000e4f80000)
 ParOldGen       total 75264K, used 15507K [0x0000000087200000, 0x000000008bb80000, 0x00000000d7b80000)
  object space 75264K, 20% used [0x0000000087200000,0x0000000088124d50,0x000000008bb80000)
 Metaspace       used 55792K, capacity 58906K, committed 59008K, reserved 1099776K
  class space    used 7437K, capacity 7722K, committed 7808K, reserved 1048576K
Event: 6.356 GC heap after
Heap after GC invocations=13 (full 2):
 PSYoungGen      total 217088K, used 1285K [0x00000000d7b80000, 0x00000000e9c80000, 0x0000000100000000)
  eden space 204288K, 0% used [0x00000000d7b80000,0x00000000d7b80000,0x00000000e4300000)
  from space 12800K, 10% used [0x00000000e4300000,0x00000000e4441640,0x00000000e4f80000)
  to   space 13312K, 0% used [0x00000000e8f80000,0x00000000e8f80000,0x00000000e9c80000)
 ParOldGen       total 75264K, used 20665K [0x0000000087200000, 0x000000008bb80000, 0x00000000d7b80000)
  object space 75264K, 27% used [0x0000000087200000,0x000000008862e698,0x000000008bb80000)
 Metaspace       used 55792K, capacity 58906K, committed 59008K, reserved 1099776K
  class space    used 7437K, capacity 7722K, committed 7808K, reserved 1048576K
}
Event: 6.356 GC heap before
{Heap before GC invocations=14 (full 3):
 PSYoungGen      total 217088K, used 1285K [0x00000000d7b80000, 0x00000000e9c80000, 0x0000000100000000)
  eden space 204288K, 0% used [0x00000000d7b80000,0x00000000d7b80000,0x00000000e4300000)
  from space 12800K, 10% used [0x00000000e4300000,0x00000000e4441640,0x00000000e4f80000)
  to   space 13312K, 0% used [0x00000000e8f80000,0x00000000e8f80000,0x00000000e9c80000)
 ParOldGen       total 75264K, used 20665K [0x0000000087200000, 0x000000008bb80000, 0x00000000d7b80000)
  object space 75264K, 27% used [0x0000000087200000,0x000000008862e698,0x000000008bb80000)
 Metaspace       used 55792K, capacity 58906K, committed 59008K, reserved 1099776K
  class space    used 7437K, capacity 7722K, committed 7808K, reserved 1048576K
Event: 6.434 GC heap after
Heap after GC invocations=14 (full 3):
 PSYoungGen      total 217088K, used 0K [0x00000000d7b80000, 0x00000000e9c80000, 0x0000000100000000)
  eden space 204288K, 0% used [0x00000000d7b80000,0x00000000d7b80000,0x00000000e4300000)
  from space 12800K, 0% used [0x00000000e4300000,0x00000000e4300000,0x00000000e4f80000)
  to   space 13312K, 0% used [0x00000000e8f80000,0x00000000e8f80000,0x00000000e9c80000)
 ParOldGen       total 103424K, used 13057K [0x0000000087200000, 0x000000008d700000, 0x00000000d7b80000)
  object space 103424K, 12% used [0x0000000087200000,0x0000000087ec06f0,0x000000008d700000)
 Metaspace       used 55792K, capacity 58906K, committed 59008K, reserved 1099776K
  class space    used 7437K, capacity 7722K, committed 7808K, reserved 1048576K
}
Event: 8.903 GC heap before
{Heap before GC invocations=15 (full 3):
 PSYoungGen      total 217088K, used 204288K [0x00000000d7b80000, 0x00000000e9c80000, 0x0000000100000000)
  eden space 204288K, 100% used [0x00000000d7b80000,0x00000000e4300000,0x00000000e4300000)
  from space 12800K, 0% used [0x00000000e4300000,0x00000000e4300000,0x00000000e4f80000)
  to   space 13312K, 0% used [0x00000000e8f80000,0x00000000e8f80000,0x00000000e9c80000)
 ParOldGen       total 103424K, used 13057K [0x0000000087200000, 0x000000008d700000, 0x00000000d7b80000)
  object space 103424K, 12% used [0x0000000087200000,0x0000000087ec06f0,0x000000008d700000)
 Metaspace       used 68130K, capacity 72224K, committed 72448K, reserved 1112064K
  class space    used 9325K, capacity 9652K, committed 9728K, reserved 1048576K
Event: 8.915 GC heap after
Heap after GC invocations=15 (full 3):
 PSYoungGen      total 275968K, used 12873K [0x00000000d7b80000, 0x00000000e9c80000, 0x0000000100000000)
  eden space 262656K, 0% used [0x00000000d7b80000,0x00000000d7b80000,0x00000000e7c00000)
  from space 13312K, 96% used [0x00000000e8f80000,0x00000000e9c12498,0x00000000e9c80000)
  to   space 14848K, 0% used [0x00000000e7f80000,0x00000000e7f80000,0x00000000e8e00000)
 ParOldGen       total 103424K, used 13065K [0x0000000087200000, 0x000000008d700000, 0x00000000d7b80000)
  object space 103424K, 12% used [0x0000000087200000,0x0000000087ec26f0,0x000000008d700000)
 Metaspace       used 68130K, capacity 72224K, committed 72448K, reserved 1112064K
  class space    used 9325K, capacity 9652K, committed 9728K, reserved 1048576K
}
Event: 10.859 GC heap before
{Heap before GC invocations=16 (full 3):
 PSYoungGen      total 275968K, used 275529K [0x00000000d7b80000, 0x00000000e9c80000, 0x0000000100000000)
  eden space 262656K, 100% used [0x00000000d7b80000,0x00000000e7c00000,0x00000000e7c00000)
  from space 13312K, 96% used [0x00000000e8f80000,0x00000000e9c12498,0x00000000e9c80000)
  to   space 14848K, 0% used [0x00000000e7f80000,0x00000000e7f80000,0x00000000e8e00000)
 ParOldGen       total 103424K, used 13065K [0x0000000087200000, 0x000000008d700000, 0x00000000d7b80000)
  object space 103424K, 12% used [0x0000000087200000,0x0000000087ec26f0,0x000000008d700000)
 Metaspace       used 80580K, capacity 88888K, committed 88960K, reserved 1126400K
  class space    used 11282K, capacity 12098K, committed 12160K, reserved 1048576K

